<?xml version="1.0" encoding="UTF-8"?>
<!-- Generated by org.testng.reporters.JUnitReportReporter -->
<testsuite skipped="0" hostname="ASE5-573" name="com.selenium.sample.Droplist" tests="1" failures="0" timestamp="22 Nov 2017 09:50:26 GMT" time="30.607" errors="0">
  <testcase name="dropList" time="30.607" classname="com.selenium.sample.Droplist"/>
</testsuite> <!-- com.selenium.sample.Droplist -->
