<?xml version="1.0" encoding="UTF-8"?>
<!-- Generated by org.testng.reporters.JUnitReportReporter -->
<testsuite skipped="0" hostname="ASE5-573" name="com.selenium.sample.Gmaillogin" tests="1" failures="0" timestamp="22 Nov 2017 09:59:45 GMT" time="53.153" errors="0">
  <testcase name="Gmail" time="53.153" classname="com.selenium.sample.Gmaillogin"/>
</testsuite> <!-- com.selenium.sample.Gmaillogin -->
