<?xml version="1.0" encoding="UTF-8"?>
<!-- Generated by org.testng.reporters.JUnitReportReporter -->
<testsuite skipped="0" hostname="ASE5-573" name="com.selenium.sample.Select" tests="1" failures="0" timestamp="22 Nov 2017 07:16:22 GMT" time="16.464" errors="0">
  <testcase name="SelectEle" time="16.464" classname="com.selenium.sample.Select"/>
</testsuite> <!-- com.selenium.sample.Select -->
