<?xml version="1.0" encoding="UTF-8"?>
<!-- Generated by org.testng.reporters.JUnitReportReporter -->
<testsuite skipped="0" hostname="ASE5-573" name="com.selenium.sample.publicclassradio" tests="1" failures="0" timestamp="22 Nov 2017 09:16:57 GMT" time="18.566" errors="0">
  <testcase name="radio" time="18.566" classname="com.selenium.sample.publicclassradio"/>
</testsuite> <!-- com.selenium.sample.publicclassradio -->
