<?xml version="1.0" encoding="UTF-8"?>
<!-- Generated by org.testng.reporters.JUnitReportReporter -->
<testsuite skipped="0" hostname="ASE5-573" name="com.selenium.sample.firefoxprofileini" tests="3" failures="0" timestamp="21 Nov 2017 11:53:14 GMT" time="39.346" errors="0">
  <testcase name="browserlanch" time="13.923" classname="com.selenium.sample.firefoxprofileini"/>
  <testcase name="browserlanch" time="14.846" classname="com.selenium.sample.firefoxprofileini"/>
  <testcase name="browserlanch" time="10.577" classname="com.selenium.sample.firefoxprofileini"/>
</testsuite> <!-- com.selenium.sample.firefoxprofileini -->
